<?xml version="1.0" encoding="UTF-8"?>
<!-- Generated by org.testng.reporters.JUnitReportReporter -->
<testsuite skipped="0" hostname="LAPTOP-Q9IURB0P" name="com.task.Task1" tests="4" failures="0" timestamp="18 Feb 2021 04:51:46 GMT" time="58.444" errors="0">
  <testcase name="tc0" time="44.542" classname="com.task.Task1"/>
  <testcase name="tc3" time="8.506" classname="com.task.Task1"/>
  <testcase name="tc1" time="3.696" classname="com.task.Task1"/>
  <testcase name="tc2" time="1.700" classname="com.task.Task1"/>
</testsuite> <!-- com.task.Task1 -->
