<?xml version="1.0" encoding="UTF-8"?>
<!-- Generated by org.testng.reporters.JUnitReportReporter -->
<testsuite skipped="0" hostname="LAPTOP-Q9IURB0P" name="com.task.Task2" tests="2" failures="0" timestamp="19 Feb 2021 03:55:36 GMT" time="50.702" errors="0">
  <testcase name="tco" time="17.969" classname="com.task.Task2"/>
  <testcase name="tco" time="32.733" classname="com.task.Task2"/>
</testsuite> <!-- com.task.Task2 -->
